<?xml version="1.0" encoding="UTF-8"?>
<!-- Generated by org.testng.reporters.JUnitXMLReporter -->
<testsuite hostname="PW7AM1XDH411737" ignored="0" name="Test" tests="1" failures="0" timestamp="2020-02-03T11:24:28 IST" time="0.202" errors="0">
  <testcase name="@BeforeTest beforeTest" time="0.155" classname="seleniumDemo.MainTest">
    <failure type="java.lang.IllegalStateException" message="The driver executable does not exist: C:\Users\hkarnam\eclipse-workspace-for-Git\SeleniumDemo\geckodriver.exe">
      <![CDATA[java.lang.IllegalStateException: The driver executable does not exist: C:\Users\hkarnam\eclipse-workspace-for-Git\SeleniumDemo\geckodriver.exe
at com.google.common.base.Preconditions.checkState(Preconditions.java:585)
at org.openqa.selenium.remote.service.DriverService.checkExecutable(DriverService.java:146)
at org.openqa.selenium.remote.service.DriverService.findExecutable(DriverService.java:141)
at org.openqa.selenium.firefox.GeckoDriverService.access$100(GeckoDriverService.java:44)
at org.openqa.selenium.firefox.GeckoDriverService$Builder.findDefaultExecutable(GeckoDriverService.java:167)
at org.openqa.selenium.remote.service.DriverService$Builder.build(DriverService.java:355)
at org.openqa.selenium.firefox.FirefoxDriver.toExecutor(FirefoxDriver.java:190)
at org.openqa.selenium.firefox.FirefoxDriver.<init>(FirefoxDriver.java:147)
at org.openqa.selenium.firefox.FirefoxDriver.<init>(FirefoxDriver.java:125)
at seleniumDemo.MainTest.beforeTest(MainTest.java:21)
... Removed 24 stack frames]]>
    </failure>
  </testcase> <!-- @BeforeTest beforeTest -->
  <testcase name="@AfterTest afterTest" time="-1.580709268153E9" classname="seleniumDemo.MainTest">
    <skipped/>
  </testcase> <!-- @AfterTest afterTest -->
  <testcase name="testEasy" time="0.0" classname="seleniumDemo.MainTest">
    <skipped/>
  </testcase> <!-- testEasy -->
</testsuite> <!-- Test -->
